2025-12-24 00:04:23.434084 - root - DEBUG - Using default ucbfl config
2025-12-24 00:04:23.434243 - asyncio - DEBUG - Using selector: KqueueSelector
2025-12-24 00:04:23.439567 - asyncio - DEBUG - Using selector: KqueueSelector
2025-12-24 00:04:23.439859 - grpc._cython.cygrpc - DEBUG - [_cygrpc] Loaded running loop: id(loop)=4419955488
2025-12-24 00:04:23.439925 - grpc._cython.cygrpc - DEBUG - Using AsyncIOEngine.POLLER as I/O engine
2025-12-24 00:04:23.440205 - grpc._cython.cygrpc - DEBUG - [_cygrpc] Loaded running loop: id(loop)=4419955488
2025-12-24 00:04:23.440603 - root - DEBUG - Init StatusService
2025-12-24 00:04:23.440654 - grpc._cython.cygrpc - DEBUG - [_cygrpc] Loaded running loop: id(loop)=4419955488
2025-12-24 00:04:23.440687 - grpc._cython.cygrpc - DEBUG - [_cygrpc] Loaded running loop: id(loop)=4419955488
2025-12-24 00:04:23.440797 - root - DEBUG - Init DatasetLoadingService
2025-12-24 00:04:23.440821 - grpc._cython.cygrpc - DEBUG - [_cygrpc] Loaded running loop: id(loop)=4419955488
2025-12-24 00:04:23.440841 - grpc._cython.cygrpc - DEBUG - [_cygrpc] Loaded running loop: id(loop)=4419955488
2025-12-24 00:04:23.440893 - root - DEBUG - Init PredictionService
2025-12-24 00:04:23.440914 - grpc._cython.cygrpc - DEBUG - [_cygrpc] Loaded running loop: id(loop)=4419955488
2025-12-24 00:04:23.440933 - grpc._cython.cygrpc - DEBUG - [_cygrpc] Loaded running loop: id(loop)=4419955488
2025-12-24 00:04:23.444286 - grpc._cython.cygrpc - DEBUG - [_cygrpc] Loaded running loop: id(loop)=4419955488
2025-12-24 00:04:23.444359 - root - INFO - VFL Prediction Server (Active Part) listening on localhost:50050
2025-12-24 00:04:26.157651 - grpc._cython.cygrpc - DEBUG - [_cygrpc] Loaded running loop: id(loop)=4419955488
2025-12-24 00:04:26.157933 - root - DEBUG - UploadActiveDataset(dataset_name=active_dataset_test.csv)
2025-12-24 00:04:26.158061 - root - DEBUG - upload_task request = dataset {
  dataset_name: "active_dataset_test.csv"
  match_id_name: "id"
  dtype: "float32"
}

2025-12-24 00:04:26.158132 - root - DEBUG - dataset_name = active_dataset_test.csv
WARNING: All log messages before absl::InitializeLog() is called are written to STDERR
I0000 00:00:1766523866.159503  221350 fork_posix.cc:71] Other threads are currently calling into gRPC, skipping fork() handlers
2025-12-24 00:04:26.653653 - root - DEBUG - Dataset uploaded: active_dataset_test.csv
2025-12-24 00:04:27.164665 - grpc._cython.cygrpc - DEBUG - [_cygrpc] Loaded running loop: id(loop)=4419955488
2025-12-24 00:04:27.166492 - grpc._cython.cygrpc - DEBUG - [_cygrpc] Loaded running loop: id(loop)=4419955488
2025-12-24 00:04:27.167112 - grpc._cython.cygrpc - DEBUG - [_cygrpc] Loaded running loop: id(loop)=4419955488
2025-12-24 00:04:28.178020 - grpc._cython.cygrpc - DEBUG - [_cygrpc] Loaded running loop: id(loop)=4419955488
2025-12-24 00:04:28.178572 - grpc._cython.cygrpc - DEBUG - [_cygrpc] Loaded running loop: id(loop)=4419955488
2025-12-24 00:04:28.183406 - grpc._cython.cygrpc - DEBUG - [_cygrpc] Loaded running loop: id(loop)=4419955488
2025-12-24 00:04:28.183844 - root - DEBUG - StartPredict(request=active_request {
  model_name: "result_model.pkl"
  dataset_name: "active_dataset_test.csv"
  output_scores_name: "result_scores.csv"
}
passive_request {
  model_name: "result_model.pkl"
  dataset_name: "passive_dataset_test.csv"
  output_scores_name: "result_scores.csv"
}
)
2025-12-24 00:04:28.183969 - grpc._cython.cygrpc - DEBUG - [_cygrpc] Loaded running loop: id(loop)=4419955488
2025-12-24 00:04:28.186833 - root - DEBUG - predict_task. dataset_name: active_dataset_test.csv model_name: result_model.pkl
2025-12-24 00:04:28.186958 - root - DEBUG - run_in_process::do_predict
ERROR:root:Predict error 'list' object has no attribute 'as_pd_df'
ERROR:root:Predict exception
Traceback (most recent call last):
  File "/Users/akomarova/Documents/GitHub/VFL_FeatureSelection/vfl-master@73591d69c04/python/common/learning.py", line 245, in do_predict
    df = predict.as_pd_df()
AttributeError: 'list' object has no attribute 'as_pd_df'
2025-12-24 00:04:29.192802 - grpc._cython.cygrpc - DEBUG - [_cygrpc] Loaded running loop: id(loop)=4419955488
