2025-12-24 00:06:38.268491 - root - DEBUG - Using default ucbfl config
2025-12-24 00:06:38.268670 - asyncio - DEBUG - Using selector: KqueueSelector
2025-12-24 00:06:38.273818 - asyncio - DEBUG - Using selector: KqueueSelector
2025-12-24 00:06:38.274128 - grpc._cython.cygrpc - DEBUG - [_cygrpc] Loaded running loop: id(loop)=4420639568
2025-12-24 00:06:38.274190 - grpc._cython.cygrpc - DEBUG - Using AsyncIOEngine.POLLER as I/O engine
2025-12-24 00:06:38.274477 - grpc._cython.cygrpc - DEBUG - [_cygrpc] Loaded running loop: id(loop)=4420639568
2025-12-24 00:06:38.274946 - root - DEBUG - Init StatusService
2025-12-24 00:06:38.275010 - grpc._cython.cygrpc - DEBUG - [_cygrpc] Loaded running loop: id(loop)=4420639568
2025-12-24 00:06:38.275044 - grpc._cython.cygrpc - DEBUG - [_cygrpc] Loaded running loop: id(loop)=4420639568
2025-12-24 00:06:38.275191 - root - DEBUG - Init DatasetLoadingService
2025-12-24 00:06:38.275225 - grpc._cython.cygrpc - DEBUG - [_cygrpc] Loaded running loop: id(loop)=4420639568
2025-12-24 00:06:38.275247 - grpc._cython.cygrpc - DEBUG - [_cygrpc] Loaded running loop: id(loop)=4420639568
2025-12-24 00:06:38.275307 - root - DEBUG - Init TrainingService
2025-12-24 00:06:38.275332 - grpc._cython.cygrpc - DEBUG - [_cygrpc] Loaded running loop: id(loop)=4420639568
2025-12-24 00:06:38.275353 - grpc._cython.cygrpc - DEBUG - [_cygrpc] Loaded running loop: id(loop)=4420639568
2025-12-24 00:06:38.277876 - grpc._cython.cygrpc - DEBUG - [_cygrpc] Loaded running loop: id(loop)=4420639568
2025-12-24 00:06:38.277955 - root - INFO - VFL Training Server (Active Part) listening on localhost:50000
2025-12-24 00:06:40.922987 - grpc._cython.cygrpc - DEBUG - [_cygrpc] Loaded running loop: id(loop)=4420639568
2025-12-24 00:06:40.923313 - root - DEBUG - UploadActiveDataset(dataset_name=active_dataset_test.csv)
2025-12-24 00:06:40.923460 - root - DEBUG - upload_task request = dataset {
  dataset_name: "active_dataset_test.csv"
  match_id_name: "id"
  dtype: "float32"
  label_name: "target"
}

2025-12-24 00:06:40.923542 - root - DEBUG - dataset_name = active_dataset_test.csv
WARNING: All log messages before absl::InitializeLog() is called are written to STDERR
I0000 00:00:1766524000.925063  224854 fork_posix.cc:71] Other threads are currently calling into gRPC, skipping fork() handlers
2025-12-24 00:06:41.462135 - root - DEBUG - Dataset uploaded: active_dataset_test.csv
2025-12-24 00:06:41.929269 - grpc._cython.cygrpc - DEBUG - [_cygrpc] Loaded running loop: id(loop)=4420639568
2025-12-24 00:06:41.930959 - grpc._cython.cygrpc - DEBUG - [_cygrpc] Loaded running loop: id(loop)=4420639568
2025-12-24 00:06:41.931498 - grpc._cython.cygrpc - DEBUG - [_cygrpc] Loaded running loop: id(loop)=4420639568
2025-12-24 00:06:42.943960 - grpc._cython.cygrpc - DEBUG - [_cygrpc] Loaded running loop: id(loop)=4420639568
2025-12-24 00:06:42.944628 - grpc._cython.cygrpc - DEBUG - [_cygrpc] Loaded running loop: id(loop)=4420639568
2025-12-24 00:06:42.951259 - grpc._cython.cygrpc - DEBUG - [_cygrpc] Loaded running loop: id(loop)=4420639568
2025-12-24 00:06:42.951748 - root - DEBUG - StartTraining(request=active_request {
  params {
    params: "{\"num_trees\": 3, \"max_depth\": 3}"
  }
  dataset_name: "active_dataset_test.csv"
  output_model_name: "result_model.pkl"
}
passive_request {
  params {
    params: "{\"num_trees\": 3, \"max_depth\": 3}"
  }
  dataset_name: "passive_dataset_test.csv"
  output_model_name: "result_model.pkl"
}
)
2025-12-24 00:06:42.951902 - grpc._cython.cygrpc - DEBUG - [_cygrpc] Loaded running loop: id(loop)=4420639568
2025-12-24 00:06:43.961322 - grpc._cython.cygrpc - DEBUG - [_cygrpc] Loaded running loop: id(loop)=4420639568
