2025-12-24 00:04:20.434086 - root - DEBUG - Using default ucbfl config
2025-12-24 00:04:20.434260 - asyncio - DEBUG - Using selector: KqueueSelector
2025-12-24 00:04:20.441127 - asyncio - DEBUG - Using selector: KqueueSelector
2025-12-24 00:04:20.441455 - grpc._cython.cygrpc - DEBUG - [_cygrpc] Loaded running loop: id(loop)=4459607568
2025-12-24 00:04:20.441514 - grpc._cython.cygrpc - DEBUG - Using AsyncIOEngine.POLLER as I/O engine
2025-12-24 00:04:20.441736 - grpc._cython.cygrpc - DEBUG - [_cygrpc] Loaded running loop: id(loop)=4459607568
2025-12-24 00:04:20.442045 - root - DEBUG - Init StatusService
2025-12-24 00:04:20.442132 - root - DEBUG - Init DatasetLoadingService
2025-12-24 00:04:20.442161 - root - DEBUG - Init PredictionService
2025-12-24 00:04:20.444931 - grpc._cython.cygrpc - DEBUG - [_cygrpc] Loaded running loop: id(loop)=4459607568
2025-12-24 00:04:20.445021 - root - INFO - VFL Prediction Server (Passive Part) listening on localhost:50051
2025-12-24 00:04:27.170506 - grpc._cython.cygrpc - DEBUG - [_cygrpc] Loaded running loop: id(loop)=4459607568
2025-12-24 00:04:27.171170 - root - DEBUG - UploadDataset(dataset_name=passive_dataset_test.csv)
2025-12-24 00:04:27.171606 - root - DEBUG - upload_task request = dataset {
  dataset_name: "passive_dataset_test.csv"
  match_id_name: "id"
  dtype: "float32"
}

2025-12-24 00:04:27.171838 - root - DEBUG - dataset_name = passive_dataset_test.csv
WARNING: All log messages before absl::InitializeLog() is called are written to STDERR
I0000 00:00:1766523867.175196  221260 fork_posix.cc:71] Other threads are currently calling into gRPC, skipping fork() handlers
2025-12-24 00:04:27.832186 - root - DEBUG - Dataset uploaded: passive_dataset_test.csv
2025-12-24 00:04:28.181373 - grpc._cython.cygrpc - DEBUG - [_cygrpc] Loaded running loop: id(loop)=4459607568
2025-12-24 00:04:28.185698 - grpc._cython.cygrpc - DEBUG - [_cygrpc] Loaded running loop: id(loop)=4459607568
2025-12-24 00:04:28.186097 - root - DEBUG - StartPredict(request=model_name: "result_model.pkl"
dataset_name: "passive_dataset_test.csv"
output_scores_name: "result_scores.csv"
)
2025-12-24 00:04:28.186452 - root - DEBUG - predict_task. dataset_name: passive_dataset_test.csv model_name: result_model.pkl
2025-12-24 00:04:28.186552 - root - DEBUG - run_in_process::do_predict
