2025-12-24 00:06:35.244266 - root - DEBUG - Using default ucbfl config
2025-12-24 00:06:35.244450 - asyncio - DEBUG - Using selector: KqueueSelector
2025-12-24 00:06:35.249718 - asyncio - DEBUG - Using selector: KqueueSelector
2025-12-24 00:06:35.250639 - grpc._cython.cygrpc - DEBUG - [_cygrpc] Loaded running loop: id(loop)=4389926464
2025-12-24 00:06:35.250847 - grpc._cython.cygrpc - DEBUG - Using AsyncIOEngine.POLLER as I/O engine
2025-12-24 00:06:35.251497 - grpc._cython.cygrpc - DEBUG - [_cygrpc] Loaded running loop: id(loop)=4389926464
2025-12-24 00:06:35.252284 - root - DEBUG - Init StatusService
2025-12-24 00:06:35.252504 - root - DEBUG - Init DatasetLoadingService
2025-12-24 00:06:35.252574 - root - DEBUG - Init TrainingService
2025-12-24 00:06:35.254653 - grpc._cython.cygrpc - DEBUG - [_cygrpc] Loaded running loop: id(loop)=4389926464
2025-12-24 00:06:35.254868 - root - INFO - VFL Training Server (Passive Part) listening on localhost:50001
2025-12-24 00:06:41.935502 - grpc._cython.cygrpc - DEBUG - [_cygrpc] Loaded running loop: id(loop)=4389926464
2025-12-24 00:06:41.936230 - root - DEBUG - UploadDataset(dataset_name=passive_dataset_test.csv)
2025-12-24 00:06:41.936585 - root - DEBUG - upload_task request = dataset {
  dataset_name: "passive_dataset_test.csv"
  match_id_name: "id"
  dtype: "float32"
}

2025-12-24 00:06:41.936767 - root - DEBUG - dataset_name = passive_dataset_test.csv
WARNING: All log messages before absl::InitializeLog() is called are written to STDERR
I0000 00:00:1766524001.939857  224712 fork_posix.cc:71] Other threads are currently calling into gRPC, skipping fork() handlers
2025-12-24 00:06:42.497949 - root - DEBUG - Dataset uploaded: passive_dataset_test.csv
2025-12-24 00:06:42.948678 - grpc._cython.cygrpc - DEBUG - [_cygrpc] Loaded running loop: id(loop)=4389926464
2025-12-24 00:06:42.953696 - grpc._cython.cygrpc - DEBUG - [_cygrpc] Loaded running loop: id(loop)=4389926464
2025-12-24 00:06:42.954123 - root - DEBUG - UploadPassiveDataset(request=params {
  params: "{\"num_trees\": 3, \"max_depth\": 3}"
}
dataset_name: "passive_dataset_test.csv"
output_model_name: "result_model.pkl"
)
